<?xml version="1.0" encoding="UTF-8"?>
<!-- Generated by org.testng.reporters.JUnitReportReporter -->
<testsuite skipped="0" hostname="Ramans-Air" name="com.qa.rest.test.GetOrderHistory2" tests="1" failures="0" timestamp="2020-07-20T01:10:17 IST" time="3.279" errors="0">
  <testcase name="getHistory" time="3.279" classname="com.qa.rest.test.GetOrderHistory2"/>
  <system-out/>
</testsuite> <!-- com.qa.rest.test.GetOrderHistory2 -->
