<?xml version="1.0" encoding="UTF-8"?>
<!-- Generated by org.testng.reporters.JUnitReportReporter -->
<testsuite skipped="0" hostname="Ramans-Air" name="com.qa.rest.test.GetCallBDD" tests="1" failures="0" timestamp="2020-07-18T16:02:18 IST" time="9.203" errors="0">
  <testcase name="test_order" time="9.203" classname="com.qa.rest.test.GetCallBDD"/>
  <system-out/>
</testsuite> <!-- com.qa.rest.test.GetCallBDD -->
