<?xml version="1.0" encoding="UTF-8"?>
<!-- Generated by org.testng.reporters.JUnitReportReporter -->
<testsuite skipped="0" hostname="Ramans-Air" name="com.qa.rest.test.GetOrderHistory" tests="1" failures="0" timestamp="2020-07-20T01:09:33 IST" time="3.040" errors="0">
  <testcase name="getHistory" time="3.040" classname="com.qa.rest.test.GetOrderHistory"/>
  <system-out/>
</testsuite> <!-- com.qa.rest.test.GetOrderHistory -->
